Release 14.7 - xst P.20131013 (nt64)
Copyright (c) 1995-2013 Xilinx, Inc.  All rights reserved.
--> Parameter TMPDIR set to xst/projnav.tmp


Total REAL time to Xst completion: 0.00 secs
Total CPU time to Xst completion: 0.09 secs
 
--> Parameter xsthdpdir set to xst


Total REAL time to Xst completion: 0.00 secs
Total CPU time to Xst completion: 0.09 secs
 
--> Reading design: AirConditioner.prj

TABLE OF CONTENTS
  1) Synthesis Options Summary
  2) HDL Parsing
  3) HDL Elaboration
  4) HDL Synthesis
       4.1) HDL Synthesis Report
  5) Advanced HDL Synthesis
       5.1) Advanced HDL Synthesis Report
  6) Low Level Synthesis
  7) Partition Report
  8) Design Summary
       8.1) Primitive and Black Box Usage
       8.2) Device utilization summary
       8.3) Partition Resource Summary
       8.4) Timing Report
            8.4.1) Clock Information
            8.4.2) Asynchronous Control Signals Information
            8.4.3) Timing Summary
            8.4.4) Timing Details
            8.4.5) Cross Clock Domains Report


=========================================================================
*                      Synthesis Options Summary                        *
=========================================================================
---- Source Parameters
Input File Name                    : "AirConditioner.prj"
Ignore Synthesis Constraint File   : NO

---- Target Parameters
Output File Name                   : "AirConditioner"
Output Format                      : NGC
Target Device                      : xa7a100t-2I-csg324

---- Source Options
Top Module Name                    : AirConditioner
Automatic FSM Extraction           : YES
FSM Encoding Algorithm             : Auto
Safe Implementation                : No
FSM Style                          : LUT
RAM Extraction                     : Yes
RAM Style                          : Auto
ROM Extraction                     : Yes
Shift Register Extraction          : YES
ROM Style                          : Auto
Resource Sharing                   : YES
Asynchronous To Synchronous        : NO
Shift Register Minimum Size        : 2
Use DSP Block                      : Auto
Automatic Register Balancing       : No

---- Target Options
LUT Combining                      : Auto
Reduce Control Sets                : Auto
Add IO Buffers                     : YES
Global Maximum Fanout              : 100000
Add Generic Clock Buffer(BUFG)     : 32
Register Duplication               : YES
Optimize Instantiated Primitives   : NO
Use Clock Enable                   : Auto
Use Synchronous Set                : Auto
Use Synchronous Reset              : Auto
Pack IO Registers into IOBs        : Auto
Equivalent register Removal        : YES

---- General Options
Optimization Goal                  : Speed
Optimization Effort                : 1
Power Reduction                    : NO
Keep Hierarchy                     : No
Netlist Hierarchy                  : As_Optimized
RTL Output                         : Yes
Global Optimization                : AllClockNets
Read Cores                         : YES
Write Timing Constraints           : NO
Cross Clock Analysis               : NO
Hierarchy Separator                : /
Bus Delimiter                      : <>
Case Specifier                     : Maintain
Slice Utilization Ratio            : 100
BRAM Utilization Ratio             : 100
DSP48 Utilization Ratio            : 100
Auto BRAM Packing                  : NO
Slice Utilization Ratio Delta      : 5

=========================================================================


=========================================================================
*                          HDL Parsing                                  *
=========================================================================
Analyzing Verilog file "C:\Users\Mobina\Downloads\Telegram Desktop\Cad_project_96522321_97522184\Cad_project_96522321_97522184\verilog\cad_project\AirConditioner.v" into library work
Parsing module <AirConditioner>.

=========================================================================
*                            HDL Elaboration                            *
=========================================================================

Elaborating module <AirConditioner>.
WARNING:HDLCompiler:413 - "C:\Users\Mobina\Downloads\Telegram Desktop\Cad_project_96522321_97522184\Cad_project_96522321_97522184\verilog\cad_project\AirConditioner.v" Line 13: Result of 7-bit expression is truncated to fit in 6-bit target.
WARNING:HDLCompiler:413 - "C:\Users\Mobina\Downloads\Telegram Desktop\Cad_project_96522321_97522184\Cad_project_96522321_97522184\verilog\cad_project\AirConditioner.v" Line 15: Result of 32-bit expression is truncated to fit in 6-bit target.

=========================================================================
*                           HDL Synthesis                               *
=========================================================================

Synthesizing Unit <AirConditioner>.
    Related source file is "C:\Users\Mobina\Downloads\Telegram Desktop\Cad_project_96522321_97522184\Cad_project_96522321_97522184\verilog\cad_project\AirConditioner.v".
    Found 6-bit register for signal <out_temp>.
    Found 6-bit adder for signal <temp[5]_GND_1_o_add_2_OUT> created at line 13.
    Found 6-bit subtractor for signal <GND_1_o_GND_1_o_sub_5_OUT<5:0>> created at line 15.
    Found 6-bit comparator greater for signal <temp[5]_ideal[5]_LessThan_2_o> created at line 12
    Found 6-bit comparator greater for signal <ideal[5]_temp[5]_LessThan_4_o> created at line 14
    Summary:
	inferred   1 Adder/Subtractor(s).
	inferred   6 D-type flip-flop(s).
	inferred   2 Comparator(s).
	inferred   2 Multiplexer(s).
Unit <AirConditioner> synthesized.

=========================================================================
HDL Synthesis Report

Macro Statistics
# Adders/Subtractors                                   : 1
 6-bit addsub                                          : 1
# Registers                                            : 1
 6-bit register                                        : 1
# Comparators                                          : 2
 6-bit comparator greater                              : 2
# Multiplexers                                         : 2
 6-bit 2-to-1 multiplexer                              : 2

=========================================================================
INFO:Xst:1767 - HDL ADVISOR - Resource sharing has identified that some arithmetic operations in this design can share the same physical resources for reduced device utilization. For improved clock frequency you may try to disable resource sharing.

=========================================================================
*                       Advanced HDL Synthesis                          *
=========================================================================

WARNING:Xst - The specified part-type was not generated at build time. XST is loading the full part-type and will therefore consume more CPU and memory.
Loading device for application Rf_Device from file '7a100t.nph' in environment C:\Xilinx\14.7\ISE_DS\ISE\.
Loading device for application Rf_Device from file '7a100t.nph' in environment C:\Xilinx\14.7\ISE_DS\ISE\.

=========================================================================
Advanced HDL Synthesis Report

Macro Statistics
# Adders/Subtractors                                   : 1
 6-bit addsub                                          : 1
# Registers                                            : 6
 Flip-Flops                                            : 6
# Comparators                                          : 2
 6-bit comparator greater                              : 2
# Multiplexers                                         : 2
 6-bit 2-to-1 multiplexer                              : 2

=========================================================================

=========================================================================
*                         Low Level Synthesis                           *
=========================================================================

Optimizing unit <AirConditioner> ...

Mapping all equations...
Building and optimizing final netlist ...
Found area constraint ratio of 100 (+ 5) on block AirConditioner, actual ratio is 0.

Final Macro Processing ...

=========================================================================
Final Register Report

Macro Statistics
# Registers                                            : 6
 Flip-Flops                                            : 6

=========================================================================

=========================================================================
*                           Partition Report                            *
=========================================================================

Partition Implementation Status
-------------------------------

  No Partitions were found in this design.

-------------------------------

=========================================================================
*                            Design Summary                             *
=========================================================================

Top Level Output File Name         : AirConditioner.ngc

Primitive and Black Box Usage:
------------------------------
# BELS                             : 14
#      LUT4                        : 1
#      LUT5                        : 6
#      LUT6                        : 6
#      MUXF7                       : 1
# FlipFlops/Latches                : 6
#      FD                          : 6
# Clock Buffers                    : 1
#      BUFGP                       : 1
# IO Buffers                       : 18
#      IBUF                        : 12
#      OBUF                        : 6

Device utilization summary:
---------------------------

Selected Device : xa7a100tcsg324-2i 


Slice Logic Utilization: 
 Number of Slice LUTs:                   13  out of  63400     0%  
    Number used as Logic:                13  out of  63400     0%  

Slice Logic Distribution: 
 Number of LUT Flip Flop pairs used:     13
   Number with an unused Flip Flop:      13  out of     13   100%  
   Number with an unused LUT:             0  out of     13     0%  
   Number of fully used LUT-FF pairs:     0  out of     13     0%  
   Number of unique control sets:         1

IO Utilization: 
 Number of IOs:                          19
 Number of bonded IOBs:                  19  out of    210     9%  
    IOB Flip Flops/Latches:               6

Specific Feature Utilization:
 Number of BUFG/BUFGCTRLs:                1  out of     32     3%  

---------------------------
Partition Resource Summary:
---------------------------

  No Partitions were found in this design.

---------------------------


=========================================================================
Timing Report

NOTE: THESE TIMING NUMBERS ARE ONLY A SYNTHESIS ESTIMATE.
      FOR ACCURATE TIMING INFORMATION PLEASE REFER TO THE TRACE REPORT
      GENERATED AFTER PLACE-and-ROUTE.

Clock Information:
------------------
-----------------------------------+------------------------+-------+
Clock Signal                       | Clock buffer(FF name)  | Load  |
-----------------------------------+------------------------+-------+
clk                                | BUFGP                  | 6     |
-----------------------------------+------------------------+-------+

Asynchronous Control Signals Information:
----------------------------------------
No asynchronous control signals found in this design

Timing Summary:
---------------
Speed Grade: -2

   Minimum period: No path found
   Minimum input arrival time before clock: 4.115ns
   Maximum output required time after clock: 0.700ns
   Maximum combinational path delay: No path found

Timing Details:
---------------
All values displayed in nanoseconds (ns)

=========================================================================
Timing constraint: Default OFFSET IN BEFORE for Clock 'clk'
  Total number of paths / destination ports: 373 / 6
-------------------------------------------------------------------------
Offset:              4.115ns (Levels of Logic = 7)
  Source:            temp<2> (PAD)
  Destination:       out_temp_4 (FF)
  Destination Clock: clk rising

  Data Path: temp<2> to out_temp_4
                                Gate     Net
    Cell:in->out      fanout   Delay   Delay  Logical Name (Net Name)
    ----------------------------------------  ------------
     IBUF:I->O             5   0.001   0.776  temp_2_IBUF (temp_2_IBUF)
     LUT6:I0->O            2   0.097   0.758  temp[5]_ideal[5]_LessThan_2_o2 (temp[5]_ideal[5]_LessThan_2_o1)
     LUT6:I0->O            1   0.097   0.000  temp[5]_ideal[5]_LessThan_2_o1_F (N10)
     MUXF7:I0->O           8   0.277   0.782  temp[5]_ideal[5]_LessThan_2_o1 (temp[5]_ideal[5]_LessThan_2_o)
     LUT5:I0->O            3   0.097   0.583  Mmux_temp[5]_temp[5]_mux_6_OUT_rs_lut<0> (Mmux_temp[5]_temp[5]_mux_6_OUT_rs_lut<0>)
     LUT5:I2->O            2   0.097   0.444  Mmux_temp[5]_temp[5]_mux_6_OUT_rs_cy<2>1 (Mmux_temp[5]_temp[5]_mux_6_OUT_rs_cy<2>)
     LUT4:I2->O            1   0.097   0.000  Mmux_temp[5]_temp[5]_mux_6_OUT_rs_xor<4>11 (temp[5]_temp[5]_mux_6_OUT<4>)
     FD:D                      0.008          out_temp_4
    ----------------------------------------
    Total                      4.115ns (0.771ns logic, 3.344ns route)
                                       (18.7% logic, 81.3% route)

=========================================================================
Timing constraint: Default OFFSET OUT AFTER for Clock 'clk'
  Total number of paths / destination ports: 6 / 6
-------------------------------------------------------------------------
Offset:              0.700ns (Levels of Logic = 1)
  Source:            out_temp_5 (FF)
  Destination:       out_temp<5> (PAD)
  Source Clock:      clk rising

  Data Path: out_temp_5 to out_temp<5>
                                Gate     Net
    Cell:in->out      fanout   Delay   Delay  Logical Name (Net Name)
    ----------------------------------------  ------------
     FD:C->Q               1   0.361   0.339  out_temp_5 (out_temp_5)
     OBUF:I->O                 0.000          out_temp_5_OBUF (out_temp<5>)
    ----------------------------------------
    Total                      0.700ns (0.361ns logic, 0.339ns route)
                                       (51.6% logic, 48.4% route)

=========================================================================

Cross Clock Domains Report:
--------------------------

=========================================================================


Total REAL time to Xst completion: 32.00 secs
Total CPU time to Xst completion: 31.30 secs
 
--> 

Total memory usage is 5024484 kilobytes

Number of errors   :    0 (   0 filtered)
Number of warnings :    3 (   0 filtered)
Number of infos    :    1 (   0 filtered)

