Running: C:\Xilinx\14.7\ISE_DS\ISE\bin\nt64\unwrapped\fuse.exe -intstyle ise -incremental -lib unisims_ver -lib unimacro_ver -lib xilinxcorelib_ver -lib secureip -o C:/Users/Mobina/Downloads/Telegram Desktop/Cad_project_96522321_97522184/Cad_project_96522321_97522184/verilog/cad_project/LightSystemTest_isim_beh.exe -prj C:/Users/Mobina/Downloads/Telegram Desktop/Cad_project_96522321_97522184/Cad_project_96522321_97522184/verilog/cad_project/LightSystemTest_beh.prj work.LightSystemTest work.glbl 
ISim P.20131013 (signature 0x7708f090)
Number of CPUs detected in this system: 8
Turning on mult-threading, number of parallel sub-compilation jobs: 16 
Determining compilation order of HDL files
Analyzing Verilog file "C:/Users/Mobina/Downloads/Telegram Desktop/Cad_project_96522321_97522184/Cad_project_96522321_97522184/verilog/cad_project/LightSystem.v" into library work
Analyzing Verilog file "C:/Users/Mobina/Downloads/Telegram Desktop/Cad_project_96522321_97522184/Cad_project_96522321_97522184/verilog/cad_project/LightSystemTest.v" into library work
Analyzing Verilog file "C:/Xilinx/14.7/ISE_DS/ISE//verilog/src/glbl.v" into library work
Starting static elaboration
WARNING:HDLCompiler:267 - "C:/Users/Mobina/Downloads/Telegram Desktop/Cad_project_96522321_97522184/Cad_project_96522321_97522184/verilog/cad_project/LightSystemTest.v" Line 25: Cannot find port lamp_remains_off on this module
ERROR:HDLCompiler:25 - "C:/Users/Mobina/Downloads/Telegram Desktop/Cad_project_96522321_97522184/Cad_project_96522321_97522184/verilog/cad_project/LightSystemTest.v" Line 28: Module <LightSystem> does not have a port named <onClick>.
ERROR:HDLCompiler:25 - "C:/Users/Mobina/Downloads/Telegram Desktop/Cad_project_96522321_97522184/Cad_project_96522321_97522184/verilog/cad_project/LightSystemTest.v" Line 29: Module <LightSystem> does not have a port named <offClick>.
ERROR:HDLCompiler:25 - "C:/Users/Mobina/Downloads/Telegram Desktop/Cad_project_96522321_97522184/Cad_project_96522321_97522184/verilog/cad_project/LightSystemTest.v" Line 33: Module <LightSystem> does not have a port named <turn_lamp_on>.
ERROR:HDLCompiler:25 - "C:/Users/Mobina/Downloads/Telegram Desktop/Cad_project_96522321_97522184/Cad_project_96522321_97522184/verilog/cad_project/LightSystemTest.v" Line 34: Module <LightSystem> does not have a port named <turn_lamp_off>.
ERROR:HDLCompiler:25 - "C:/Users/Mobina/Downloads/Telegram Desktop/Cad_project_96522321_97522184/Cad_project_96522321_97522184/verilog/cad_project/LightSystemTest.v" Line 35: Module <LightSystem> does not have a port named <click_on_turn_on_button>.
ERROR:HDLCompiler:25 - "C:/Users/Mobina/Downloads/Telegram Desktop/Cad_project_96522321_97522184/Cad_project_96522321_97522184/verilog/cad_project/LightSystemTest.v" Line 36: Module <LightSystem> does not have a port named <click_on_turn_off_button>.
ERROR:HDLCompiler:25 - "C:/Users/Mobina/Downloads/Telegram Desktop/Cad_project_96522321_97522184/Cad_project_96522321_97522184/verilog/cad_project/LightSystemTest.v" Line 37: Module <LightSystem> does not have a port named <waiting>.
ERROR:HDLCompiler:25 - "C:/Users/Mobina/Downloads/Telegram Desktop/Cad_project_96522321_97522184/Cad_project_96522321_97522184/verilog/cad_project/LightSystemTest.v" Line 38: Module <LightSystem> does not have a port named <lamp_remains_off>.
WARNING:HDLCompiler:1016 - "C:/Users/Mobina/Downloads/Telegram Desktop/Cad_project_96522321_97522184/Cad_project_96522321_97522184/verilog/cad_project/LightSystemTest.v" Line 25: Port StartOn is not connected to this instance
ERROR:Simulator:778 - Static elaboration of top level Verilog design unit(s) in library work failed
